2025-11-18 13:49:55 	 Repository root: C:\teja\s1-javascript
2025-11-18 13:49:55 	 GIT STATUS BEFORE:
2025-11-18 13:49:55 	    M scripts/daily_push.ps1
2025-11-18 13:49:55 	   ?? scripts/daily_push.log
2025-11-18 13:49:55 	 DIR: day1
2025-11-18 13:49:55 	 DIR: day10
2025-11-18 13:49:55 	 DIR: day11
2025-11-18 13:49:55 	 DIR: day12
2025-11-18 13:49:55 	 DIR: day13
2025-11-18 13:49:55 	 DIR: day14
2025-11-18 13:49:55 	 DIR: day15
2025-11-18 13:49:55 	 DIR: day16
2025-11-18 13:49:55 	 DIR: day17
2025-11-18 13:49:55 	 DIR: day18
2025-11-18 13:49:55 	 DIR: day19
2025-11-18 13:49:55 	 DIR: day2
2025-11-18 13:49:55 	 DIR: day20
2025-11-18 13:49:55 	 DIR: day21
2025-11-18 13:49:55 	 DIR: day22
2025-11-18 13:49:55 	 DIR: day23
2025-11-18 13:49:55 	 DIR: day24
2025-11-18 13:49:55 	 DIR: day25
2025-11-18 13:49:55 	 DIR: day3
2025-11-18 13:49:55 	 DIR: day4
2025-11-18 13:49:55 	 DIR: day5
2025-11-18 13:49:55 	 DIR: day6
2025-11-18 13:49:55 	 DIR: day7
2025-11-18 13:49:55 	 DIR: day8
2025-11-18 13:49:55 	 DIR: day9
2025-11-18 13:49:55 	 Running: git add -A
